{
  "stats": {
    "suites": 1,
    "tests": 2,
    "passes": 2,
    "pending": 0,
    "failures": 0,
    "start": "2022-09-29T17:45:22.350Z",
    "end": "2022-09-29T17:45:26.936Z",
    "duration": 4586,
    "testsRegistered": 2,
    "passPercent": 100,
    "pendingPercent": 0,
    "other": 0,
    "hasOther": false,
    "skipped": 0,
    "hasSkipped": false
  },
  "results": [
    {
      "uuid": "726a6cff-5b97-4167-aeb1-76923a24295f",
      "title": "",
      "fullFile": "cypress/e2e/demo-web/login.cy.js",
      "file": "cypress/e2e/demo-web/login.cy.js",
      "beforeHooks": [],
      "afterHooks": [],
      "tests": [],
      "suites": [
        {
          "uuid": "8f953358-482e-4741-8ffa-b4af6ef6d553",
          "title": "Feature Login",
          "fullFile": "",
          "file": "",
          "beforeHooks": [],
          "afterHooks": [],
          "tests": [
            {
              "title": "User Successfully Login\"",
              "fullTitle": "Feature Login User Successfully Login\"",
              "timedOut": null,
              "duration": 2469,
              "state": "passed",
              "speed": "fast",
              "pass": true,
              "fail": false,
              "pending": false,
              "context": null,
              "code": "cy.visit(Cypress.env('url_liberta_stg'));\ncy.get('#input-component-auth-email').type(Cypress.env('email'));\ncy.get('#input-component-auth-password').type(Cypress.env('password'));\ncy.get('.mt-10.mb-12.px-12.py-3.button.normal').click(); // cy.xpath('//*[@id=\"app\"]/div/div[2]/div[1]/div/div[1]/div[1]/div').should('be.visible')\ncy.xpath('//*[@id=\"app\"]/div[2]/nav/div[3]/div[1]/span').should('have.text', 'Super Admin | robin.sitohang@thelionparcel.com');",
              "err": {},
              "uuid": "42b2a28e-5550-4cc1-bd2d-619c84808490",
              "parentUUID": "8f953358-482e-4741-8ffa-b4af6ef6d553",
              "isHook": false,
              "skipped": false
            },
            {
              "title": "User Successfully Login\"",
              "fullTitle": "Feature Login User Successfully Login\"",
              "timedOut": null,
              "duration": 1049,
              "state": "passed",
              "speed": "fast",
              "pass": true,
              "fail": false,
              "pending": false,
              "context": null,
              "code": "cy.visit(Cypress.env('url_liberta_stg'));\ncy.get('#input-component-auth-email').type(Cypress.env('email'));\ncy.get('#input-component-auth-password').type('123456');\ncy.get('.mt-10.mb-12.px-12.py-3.button.normal').click();",
              "err": {},
              "uuid": "75268f16-f22a-47c0-8b7e-1fa9ee4a92b8",
              "parentUUID": "8f953358-482e-4741-8ffa-b4af6ef6d553",
              "isHook": false,
              "skipped": false
            }
          ],
          "suites": [],
          "passes": [
            "42b2a28e-5550-4cc1-bd2d-619c84808490",
            "75268f16-f22a-47c0-8b7e-1fa9ee4a92b8"
          ],
          "failures": [],
          "pending": [],
          "skipped": [],
          "duration": 3518,
          "root": false,
          "rootEmpty": false,
          "_timeout": 2000
        }
      ],
      "passes": [],
      "failures": [],
      "pending": [],
      "skipped": [],
      "duration": 0,
      "root": true,
      "rootEmpty": true,
      "_timeout": 2000
    }
  ],
  "meta": {
    "mocha": {
      "version": "7.0.1"
    },
    "mochawesome": {
      "options": {
        "quiet": false,
        "reportFilename": "report",
        "saveHtml": true,
        "saveJson": true,
        "consoleReporter": "spec",
        "useInlineDiffs": false,
        "code": true
      },
      "version": "7.1.3"
    },
    "marge": {
      "options": {
        "reportDir": "cypress/report",
        "reportFilename": "report"
      },
      "version": "6.2.0"
    }
  }
}